"Severity","ThreadID","Date","Time","Application","Message"
"ERROR","web-0","10/06/2009","15:24","","Page /index.cfm [C:\railo\tomcat\webapps\ROOT\index.cfm] not found
	at railo.runtime.PageSourceImpl.loadPage(PageSourceImpl.java:112):112
	at railo.runtime.PageContextImpl.doInclude(PageContextImpl.java:608):608
	at railo.runtime.listener.ClassicAppListener._onRequest(ClassicAppListener.java:35):35
	at railo.runtime.listener.MixedAppListener.onRequest(MixedAppListener.java:24):24
	at railo.runtime.PageContextImpl.execute(PageContextImpl.java:1679):1679
	at railo.runtime.engine.CFMLEngineImpl.serviceCFML(CFMLEngineImpl.java:248):248
	at railo.loader.servlet.CFMLServlet.service(CFMLServlet.java:32):32
	at javax.servlet.http.HttpServlet.service(HttpServlet.java:717):717
	at org.apache.catalina.core.ApplicationFilterChain.internalDoFilter(ApplicationFilterChain.java:290):290
	at org.apache.catalina.core.ApplicationFilterChain.doFilter(ApplicationFilterChain.java:206):206
	at org.apache.catalina.core.StandardWrapperValve.invoke(StandardWrapperValve.java:233):233
	at org.apache.catalina.core.StandardContextValve.invoke(StandardContextValve.java:191):191
	at org.apache.catalina.core.StandardHostValve.invoke(StandardHostValve.java:128):128
	at org.apache.catalina.valves.ErrorReportValve.invoke(ErrorReportValve.java:102):102
	at org.apache.catalina.core.StandardEngineValve.invoke(StandardEngineValve.java:109):109
	at org.apache.catalina.connector.CoyoteAdapter.service(CoyoteAdapter.java:293):293
	at org.apache.coyote.http11.Http11Processor.process(Http11Processor.java:849):849
	at org.apache.coyote.http11.Http11Protocol$Http11ConnectionHandler.process(Http11Protocol.java:583):583
	at org.apache.tomcat.util.net.JIoEndpoint$Worker.run(JIoEndpoint.java:454):454
	at java.lang.Thread.run(Thread.java:619):619
"
"ERROR","web-0","03/23/2014","17:30:03","","datasource [emilydev] doesn't exist
	at railo.runtime.config.ConfigImpl.getDataSource(ConfigImpl.java:2530):2530
	at railo.runtime.db.DatasourceManagerImpl.getConnection(DatasourceManagerImpl.java:39):39
	at railo.runtime.tag.DBInfo.doStartTag(DBInfo.java:239):239
	at dbutility_cfc$cf._1(/Library/MuraCMS/tomcat/webapps/ROOT/requirements/mura/dbUtility.cfc:31):31
	at dbutility_cfc$cf.udfCall(/Library/MuraCMS/tomcat/webapps/ROOT/requirements/mura/dbUtility.cfc):-1
	at railo.runtime.type.UDFImpl.implementation(UDFImpl.java:103):103
	at railo.runtime.type.UDFImpl._call(UDFImpl.java:371):371
	at railo.runtime.type.UDFImpl.call(UDFImpl.java:284):284
	at railo.runtime.ComponentImpl._call(ComponentImpl.java:607):607
	at railo.runtime.ComponentImpl._call(ComponentImpl.java:490):490
	at railo.runtime.ComponentImpl.call(ComponentImpl.java:1781):1781
	at railo.runtime.util.VariableUtilImpl.callFunctionWithoutNamedValues(VariableUtilImpl.java:723):723
	at railo.runtime.PageContextImpl.getFunction(PageContextImpl.java:1506):1506
	at config.appcfc.onapplicationstart_include_cfm$cf.call(/Library/MuraCMS/tomcat/webapps/ROOT/config/appcfc/onApplicationStart_include.cfm:251):251
	at railo.runtime.PageContextImpl.doInclude(PageContextImpl.java:801):801
	at railo.runtime.PageContextImpl.doInclude(PageContextImpl.java:748):748
	at config.appcfc.onrequeststart_include_cfm$cf.call(/Library/MuraCMS/tomcat/webapps/ROOT/config/appcfc/onRequestStart_include.cfm:94):94
	at railo.runtime.PageContextImpl.doInclude(PageContextImpl.java:801):801
	at railo.runtime.PageContextImpl.doInclude(PageContextImpl.java:748):748
	at config.appcfc.onrequeststart_scriptprotect_method_cfm$cf.udfCall(/Library/MuraCMS/tomcat/webapps/ROOT/config/appcfc/onRequestStart_scriptProtect_method.cfm:49):49
	at railo.runtime.type.UDFImpl.implementation(UDFImpl.java:103):103
	at railo.runtime.type.UDFImpl._call(UDFImpl.java:371):371
	at railo.runtime.type.UDFImpl.call(UDFImpl.java:284):284
	at railo.runtime.ComponentImpl._call(ComponentImpl.java:607):607
	at railo.runtime.ComponentImpl._call(ComponentImpl.java:490):490
	at railo.runtime.ComponentImpl.call(ComponentImpl.java:1781):1781
	at railo.runtime.listener.ModernAppListener.call(ModernAppListener.java:346):346
	at railo.runtime.listener.ModernAppListener._onRequest(ModernAppListener.java:107):107
	at railo.runtime.listener.MixedAppListener.onRequest(MixedAppListener.java:18):18
	at railo.runtime.PageContextImpl.execute(PageContextImpl.java:2255):2255
	at railo.runtime.PageContextImpl.execute(PageContextImpl.java:2222):2222
	at railo.runtime.engine.CFMLEngineImpl.serviceCFML(CFMLEngineImpl.java:310):310
	at railo.loader.servlet.CFMLServlet.service(CFMLServlet.java:29):29
	at javax.servlet.http.HttpServlet.service(HttpServlet.java:728):728
	at org.apache.catalina.core.ApplicationFilterChain.internalDoFilter(ApplicationFilterChain.java:305):305
	at org.apache.catalina.core.ApplicationFilterChain.doFilter(ApplicationFilterChain.java:210):210
	at org.apache.catalina.core.StandardWrapperValve.invoke(StandardWrapperValve.java:222):222
	at org.apache.catalina.core.StandardContextValve.invoke(StandardContextValve.java:123):123
	at org.apache.catalina.authenticator.AuthenticatorBase.invoke(AuthenticatorBase.java:472):472
	at org.apache.catalina.core.StandardHostValve.invoke(StandardHostValve.java:171):171
	at org.apache.catalina.valves.ErrorReportValve.invoke(ErrorReportValve.java:99):99
	at org.apache.catalina.core.StandardEngineValve.invoke(StandardEngineValve.java:118):118
	at org.apache.catalina.connector.CoyoteAdapter.service(CoyoteAdapter.java:407):407
	at org.apache.coyote.http11.AbstractHttp11Processor.process(AbstractHttp11Processor.java:1004):1004
	at org.apache.coyote.AbstractProtocol$AbstractConnectionHandler.process(AbstractProtocol.java:589):589
	at org.apache.tomcat.util.net.JIoEndpoint$SocketProcessor.run(JIoEndpoint.java:312):312
	at java.util.concurrent.ThreadPoolExecutor$Worker.runTask(ThreadPoolExecutor.java:895):895
	at java.util.concurrent.ThreadPoolExecutor$Worker.run(ThreadPoolExecutor.java:918):918
	at java.lang.Thread.run(Thread.java:695):695
"
"ERROR","web-0","03/23/2014","17:31:20","","datasource [emilydev] doesn't exist
	at railo.runtime.config.ConfigImpl.getDataSource(ConfigImpl.java:2530):2530
	at railo.runtime.db.DatasourceManagerImpl.getConnection(DatasourceManagerImpl.java:39):39
	at railo.runtime.tag.DBInfo.doStartTag(DBInfo.java:239):239
	at dbutility_cfc$cf._1(/Library/MuraCMS/tomcat/webapps/ROOT/requirements/mura/dbUtility.cfc:31):31
	at dbutility_cfc$cf.udfCall(/Library/MuraCMS/tomcat/webapps/ROOT/requirements/mura/dbUtility.cfc):-1
	at railo.runtime.type.UDFImpl.implementation(UDFImpl.java:103):103
	at railo.runtime.type.UDFImpl._call(UDFImpl.java:371):371
	at railo.runtime.type.UDFImpl.call(UDFImpl.java:284):284
	at railo.runtime.ComponentImpl._call(ComponentImpl.java:607):607
	at railo.runtime.ComponentImpl._call(ComponentImpl.java:490):490
	at railo.runtime.ComponentImpl.call(ComponentImpl.java:1781):1781
	at railo.runtime.util.VariableUtilImpl.callFunctionWithoutNamedValues(VariableUtilImpl.java:723):723
	at railo.runtime.PageContextImpl.getFunction(PageContextImpl.java:1506):1506
	at config.appcfc.onapplicationstart_include_cfm$cf.call(/Library/MuraCMS/tomcat/webapps/ROOT/config/appcfc/onApplicationStart_include.cfm:251):251
	at railo.runtime.PageContextImpl.doInclude(PageContextImpl.java:801):801
	at railo.runtime.PageContextImpl.doInclude(PageContextImpl.java:748):748
	at config.appcfc.onrequeststart_include_cfm$cf.call(/Library/MuraCMS/tomcat/webapps/ROOT/config/appcfc/onRequestStart_include.cfm:94):94
	at railo.runtime.PageContextImpl.doInclude(PageContextImpl.java:801):801
	at railo.runtime.PageContextImpl.doInclude(PageContextImpl.java:748):748
	at config.appcfc.onrequeststart_scriptprotect_method_cfm$cf.udfCall(/Library/MuraCMS/tomcat/webapps/ROOT/config/appcfc/onRequestStart_scriptProtect_method.cfm:49):49
	at railo.runtime.type.UDFImpl.implementation(UDFImpl.java:103):103
	at railo.runtime.type.UDFImpl._call(UDFImpl.java:371):371
	at railo.runtime.type.UDFImpl.call(UDFImpl.java:284):284
	at railo.runtime.ComponentImpl._call(ComponentImpl.java:607):607
	at railo.runtime.ComponentImpl._call(ComponentImpl.java:490):490
	at railo.runtime.ComponentImpl.call(ComponentImpl.java:1781):1781
	at railo.runtime.listener.ModernAppListener.call(ModernAppListener.java:346):346
	at railo.runtime.listener.ModernAppListener._onRequest(ModernAppListener.java:107):107
	at railo.runtime.listener.MixedAppListener.onRequest(MixedAppListener.java:18):18
	at railo.runtime.PageContextImpl.execute(PageContextImpl.java:2255):2255
	at railo.runtime.PageContextImpl.execute(PageContextImpl.java:2222):2222
	at railo.runtime.engine.CFMLEngineImpl.serviceCFML(CFMLEngineImpl.java:310):310
	at railo.loader.servlet.CFMLServlet.service(CFMLServlet.java:29):29
	at javax.servlet.http.HttpServlet.service(HttpServlet.java:728):728
	at org.apache.catalina.core.ApplicationFilterChain.internalDoFilter(ApplicationFilterChain.java:305):305
	at org.apache.catalina.core.ApplicationFilterChain.doFilter(ApplicationFilterChain.java:210):210
	at org.apache.catalina.core.StandardWrapperValve.invoke(StandardWrapperValve.java:222):222
	at org.apache.catalina.core.StandardContextValve.invoke(StandardContextValve.java:123):123
	at org.apache.catalina.authenticator.AuthenticatorBase.invoke(AuthenticatorBase.java:472):472
	at org.apache.catalina.core.StandardHostValve.invoke(StandardHostValve.java:171):171
	at org.apache.catalina.valves.ErrorReportValve.invoke(ErrorReportValve.java:99):99
	at org.apache.catalina.core.StandardEngineValve.invoke(StandardEngineValve.java:118):118
	at org.apache.catalina.connector.CoyoteAdapter.service(CoyoteAdapter.java:407):407
	at org.apache.coyote.http11.AbstractHttp11Processor.process(AbstractHttp11Processor.java:1004):1004
	at org.apache.coyote.AbstractProtocol$AbstractConnectionHandler.process(AbstractProtocol.java:589):589
	at org.apache.tomcat.util.net.JIoEndpoint$SocketProcessor.run(JIoEndpoint.java:312):312
	at java.util.concurrent.ThreadPoolExecutor$Worker.runTask(ThreadPoolExecutor.java:895):895
	at java.util.concurrent.ThreadPoolExecutor$Worker.run(ThreadPoolExecutor.java:918):918
	at java.lang.Thread.run(Thread.java:695):695
"
"ERROR","web-0","03/23/2014","17:33:15","","request (path: /Library/MuraCMS/tomcat/webapps/ROOT/index.cfm (/Library/MuraCMS/tomcat/webapps/ROOT/config/appcfc/onRequestStart_include.cfm):7) is run into a timeout (50 seconds) and has been stopped. open locks at this time (appinitblockc695e194-b3b4-4eef-bef3a52be81ce8be).
	at sun.misc.Unsafe.park(Native Method):-2
	at java.util.concurrent.locks.LockSupport.parkNanos(LockSupport.java:196):196
	at java.util.concurrent.locks.AbstractQueuedSynchronizer.doAcquireNanos(AbstractQueuedSynchronizer.java:905):905
	at java.util.concurrent.locks.AbstractQueuedSynchronizer.tryAcquireNanos(AbstractQueuedSynchronizer.java:1224):1224
	at java.util.concurrent.locks.ReentrantReadWriteLock$WriteLock.tryLock(ReentrantReadWriteLock.java:1059):1059
	at railo.commons.lock.rw.RWLock.lock(RWLock.java:30):30
	at railo.commons.lock.rw.RWWrap.lock(RWKeyLock.java:107):107
	at railo.commons.lock.rw.RWKeyLock.lock(RWKeyLock.java:35):35
	at railo.runtime.lock.LockManagerImpl.lock(LockManagerImpl.java:39):39
	at railo.runtime.tag.Lock.doStartTag(Lock.java:218):218
	at config.appcfc.onrequeststart_include_cfm$cf.call(/Library/MuraCMS/tomcat/webapps/ROOT/config/appcfc/onRequestStart_include.cfm:91):91
	at railo.runtime.PageContextImpl.doInclude(PageContextImpl.java:801):801
	at railo.runtime.PageContextImpl.doInclude(PageContextImpl.java:748):748
	at config.appcfc.onrequeststart_scriptprotect_method_cfm$cf.udfCall(/Library/MuraCMS/tomcat/webapps/ROOT/config/appcfc/onRequestStart_scriptProtect_method.cfm:49):49
	at railo.runtime.type.UDFImpl.implementation(UDFImpl.java:103):103
	at railo.runtime.type.UDFImpl._call(UDFImpl.java:371):371
	at railo.runtime.type.UDFImpl.call(UDFImpl.java:284):284
	at railo.runtime.ComponentImpl._call(ComponentImpl.java:607):607
	at railo.runtime.ComponentImpl._call(ComponentImpl.java:490):490
	at railo.runtime.ComponentImpl.call(ComponentImpl.java:1781):1781
	at railo.runtime.listener.ModernAppListener.call(ModernAppListener.java:346):346
	at railo.runtime.listener.ModernAppListener._onRequest(ModernAppListener.java:107):107
	at railo.runtime.listener.MixedAppListener.onRequest(MixedAppListener.java:18):18
	at railo.runtime.PageContextImpl.execute(PageContextImpl.java:2255):2255
	at railo.runtime.PageContextImpl.execute(PageContextImpl.java:2222):2222
	at railo.runtime.engine.CFMLEngineImpl.serviceCFML(CFMLEngineImpl.java:310):310
	at railo.loader.servlet.CFMLServlet.service(CFMLServlet.java:29):29
	at javax.servlet.http.HttpServlet.service(HttpServlet.java:728):728
	at org.apache.catalina.core.ApplicationFilterChain.internalDoFilter(ApplicationFilterChain.java:305):305
	at org.apache.catalina.core.ApplicationFilterChain.doFilter(ApplicationFilterChain.java:210):210
	at org.apache.catalina.core.StandardWrapperValve.invoke(StandardWrapperValve.java:222):222
	at org.apache.catalina.core.StandardContextValve.invoke(StandardContextValve.java:123):123
	at org.apache.catalina.authenticator.AuthenticatorBase.invoke(AuthenticatorBase.java:472):472
	at org.apache.catalina.core.StandardHostValve.invoke(StandardHostValve.java:171):171
	at org.apache.catalina.valves.ErrorReportValve.invoke(ErrorReportValve.java:99):99
	at org.apache.catalina.core.StandardEngineValve.invoke(StandardEngineValve.java:118):118
	at org.apache.catalina.connector.CoyoteAdapter.service(CoyoteAdapter.java:407):407
	at org.apache.coyote.http11.AbstractHttp11Processor.process(AbstractHttp11Processor.java:1004):1004
	at org.apache.coyote.AbstractProtocol$AbstractConnectionHandler.process(AbstractProtocol.java:589):589
	at org.apache.tomcat.util.net.JIoEndpoint$SocketProcessor.run(JIoEndpoint.java:310):310
	at java.util.concurrent.ThreadPoolExecutor$Worker.runTask(ThreadPoolExecutor.java:895):895
	at java.util.concurrent.ThreadPoolExecutor$Worker.run(ThreadPoolExecutor.java:918):918
	at java.lang.Thread.run(Thread.java:695):695
"
"ERROR","web-0","03/23/2014","17:33:18","","Duplicate column name 'exif'
	at sun.reflect.GeneratedConstructorAccessor42.newInstance(Unknown Source):-1
	at sun.reflect.DelegatingConstructorAccessorImpl.newInstance(DelegatingConstructorAccessorImpl.java:27):27
	at java.lang.reflect.Constructor.newInstance(Constructor.java:513):513
	at com.mysql.jdbc.Util.handleNewInstance(Util.java:411):411
	at com.mysql.jdbc.Util.getInstance(Util.java:386):386
	at com.mysql.jdbc.SQLError.createSQLException(SQLError.java:1053):1053
	at com.mysql.jdbc.MysqlIO.checkErrorPacket(MysqlIO.java:4096):4096
	at com.mysql.jdbc.MysqlIO.checkErrorPacket(MysqlIO.java:4028):4028
	at com.mysql.jdbc.MysqlIO.sendCommand(MysqlIO.java:2490):2490
	at com.mysql.jdbc.MysqlIO.sqlQueryDirect(MysqlIO.java:2651):2651
	at com.mysql.jdbc.ConnectionImpl.execSQL(ConnectionImpl.java:2728):2728
	at com.mysql.jdbc.ConnectionImpl.execSQL(ConnectionImpl.java:2678):2678
	at com.mysql.jdbc.StatementImpl.execute(StatementImpl.java:894):894
	at com.mysql.jdbc.StatementImpl.execute(StatementImpl.java:1002):1002
	at railo.runtime.type.util.QueryUtil.execute(QueryUtil.java:191):191
	at railo.runtime.type.QueryImpl.<init>(QueryImpl.java:220):220
	at railo.runtime.tag.Query.executeDatasoure(Query.java:620):620
	at railo.runtime.tag.Query.doEndTag(Query.java:473):473
	at org.railo.cfml.base_cfc$cf._1(/Library/MuraCMS/tomcat/webapps/ROOT/WEB-INF/railo/components/org/railo/cfml/Base.cfc:148):148
	at org.railo.cfml.base_cfc$cf.udfCall(/Library/MuraCMS/tomcat/webapps/ROOT/WEB-INF/railo/components/org/railo/cfml/Base.cfc):-1
	at railo.runtime.type.UDFImpl.implementation(UDFImpl.java:103):103
	at railo.runtime.type.UDFImpl._call(UDFImpl.java:371):371
	at railo.runtime.type.UDFImpl.call(UDFImpl.java:284):284
	at railo.runtime.type.scope.UndefinedImpl.call(UndefinedImpl.java:774):774
	at railo.runtime.util.VariableUtilImpl.callFunctionWithoutNamedValues(VariableUtilImpl.java:723):723
	at railo.runtime.PageContextImpl.getFunction(PageContextImpl.java:1506):1506
	at org.railo.cfml.query_cfc$cf.udfCall(/Library/MuraCMS/tomcat/webapps/ROOT/WEB-INF/railo/components/org/railo/cfml/Query.cfc:35):35
	at railo.runtime.type.UDFImpl.implementation(UDFImpl.java:103):103
	at railo.runtime.type.UDFImpl._call(UDFImpl.java:371):371
	at railo.runtime.type.UDFImpl.callWithNamedValues(UDFImpl.java:275):275
	at railo.runtime.ComponentImpl._call(ComponentImpl.java:608):608
	at railo.runtime.ComponentImpl._call(ComponentImpl.java:490):490
	at railo.runtime.ComponentImpl.callWithNamedValues(ComponentImpl.java:1800):1800
	at railo.runtime.util.VariableUtilImpl.callFunctionWithNamedValues(VariableUtilImpl.java:749):749
	at railo.runtime.PageContextImpl.getFunctionWithNamedValues(PageContextImpl.java:1521):1521
	at dbupdates._6_1_cfm92$cf.call(/Library/MuraCMS/tomcat/webapps/ROOT/requirements/mura/dbUpdates/6.1.cfm:37):37
	at railo.runtime.PageContextImpl.doInclude(PageContextImpl.java:801):801
	at railo.runtime.PageContextImpl.doInclude(PageContextImpl.java:748):748
	at configbean_cfc$cf._9(/Library/MuraCMS/tomcat/webapps/ROOT/requirements/mura/configBean.cfc:810):810
	at configbean_cfc$cf.udfCall(/Library/MuraCMS/tomcat/webapps/ROOT/requirements/mura/configBean.cfc):-1
	at railo.runtime.type.UDFImpl.implementation(UDFImpl.java:103):103
	at railo.runtime.type.UDFImpl._call(UDFImpl.java:371):371
	at railo.runtime.type.UDFImpl.call(UDFImpl.java:284):284
	at railo.runtime.ComponentImpl._call(ComponentImpl.java:607):607
	at railo.runtime.ComponentImpl._call(ComponentImpl.java:490):490
	at railo.runtime.ComponentImpl.call(ComponentImpl.java:1781):1781
	at railo.runtime.util.VariableUtilImpl.callFunctionWithoutNamedValues(VariableUtilImpl.java:723):723
	at railo.runtime.PageContextImpl.getFunction(PageContextImpl.java:1506):1506
	at config.appcfc.onapplicationstart_include_cfm$cf.call(/Library/MuraCMS/tomcat/webapps/ROOT/config/appcfc/onApplicationStart_include.cfm:270):270
	at railo.runtime.PageContextImpl.doInclude(PageContextImpl.java:801):801
	at railo.runtime.PageContextImpl.doInclude(PageContextImpl.java:748):748
	at config.appcfc.onrequeststart_include_cfm$cf.call(/Library/MuraCMS/tomcat/webapps/ROOT/config/appcfc/onRequestStart_include.cfm:94):94
	at railo.runtime.PageContextImpl.doInclude(PageContextImpl.java:801):801
	at railo.runtime.PageContextImpl.doInclude(PageContextImpl.java:748):748
	at config.appcfc.onrequeststart_scriptprotect_method_cfm$cf.udfCall(/Library/MuraCMS/tomcat/webapps/ROOT/config/appcfc/onRequestStart_scriptProtect_method.cfm:49):49
	at railo.runtime.type.UDFImpl.implementation(UDFImpl.java:103):103
	at railo.runtime.type.UDFImpl._call(UDFImpl.java:371):371
	at railo.runtime.type.UDFImpl.call(UDFImpl.java:284):284
	at railo.runtime.ComponentImpl._call(ComponentImpl.java:607):607
	at railo.runtime.ComponentImpl._call(ComponentImpl.java:490):490
	at railo.runtime.ComponentImpl.call(ComponentImpl.java:1781):1781
	at railo.runtime.listener.ModernAppListener.call(ModernAppListener.java:346):346
	at railo.runtime.listener.ModernAppListener._onRequest(ModernAppListener.java:107):107
	at railo.runtime.listener.MixedAppListener.onRequest(MixedAppListener.java:18):18
	at railo.runtime.PageContextImpl.execute(PageContextImpl.java:2255):2255
	at railo.runtime.PageContextImpl.execute(PageContextImpl.java:2222):2222
	at railo.runtime.engine.CFMLEngineImpl.serviceCFML(CFMLEngineImpl.java:310):310
	at railo.loader.servlet.CFMLServlet.service(CFMLServlet.java:29):29
	at javax.servlet.http.HttpServlet.service(HttpServlet.java:728):728
	at org.apache.catalina.core.ApplicationFilterChain.internalDoFilter(ApplicationFilterChain.java:305):305
	at org.apache.catalina.core.ApplicationFilterChain.doFilter(ApplicationFilterChain.java:210):210
	at org.apache.catalina.core.StandardWrapperValve.invoke(StandardWrapperValve.java:222):222
	at org.apache.catalina.core.StandardContextValve.invoke(StandardContextValve.java:123):123
	at org.apache.catalina.authenticator.AuthenticatorBase.invoke(AuthenticatorBase.java:472):472
	at org.apache.catalina.core.StandardHostValve.invoke(StandardHostValve.java:171):171
	at org.apache.catalina.valves.ErrorReportValve.invoke(ErrorReportValve.java:99):99
	at org.apache.catalina.core.StandardEngineValve.invoke(StandardEngineValve.java:118):118
	at org.apache.catalina.connector.CoyoteAdapter.service(CoyoteAdapter.java:407):407
	at org.apache.coyote.http11.AbstractHttp11Processor.process(AbstractHttp11Processor.java:1004):1004
	at org.apache.coyote.AbstractProtocol$AbstractConnectionHandler.process(AbstractProtocol.java:589):589
	at org.apache.tomcat.util.net.JIoEndpoint$SocketProcessor.run(JIoEndpoint.java:312):312
	at java.util.concurrent.ThreadPoolExecutor$Worker.runTask(ThreadPoolExecutor.java:895):895
	at java.util.concurrent.ThreadPoolExecutor$Worker.run(ThreadPoolExecutor.java:918):918
	at java.lang.Thread.run(Thread.java:695):695
"
"ERROR","web-0","03/23/2014","23:01:19","","The submitted Bundle is not valid.
	at railo.runtime.tag.Throw._doStartTag(Throw.java:189):189
	at railo.runtime.tag.Throw.doStartTag(Throw.java:178):178
	at settings.settingsbundle_cfc$cf._1(/Library/MuraCMS/tomcat/webapps/ROOT/requirements/mura/settings/settingsBundle.cfc:95):95
	at settings.settingsbundle_cfc$cf.udfCall(/Library/MuraCMS/tomcat/webapps/ROOT/requirements/mura/settings/settingsBundle.cfc):-1
	at railo.runtime.type.UDFImpl.implementation(UDFImpl.java:103):103
	at railo.runtime.type.UDFImpl._call(UDFImpl.java:371):371
	at railo.runtime.type.UDFImpl.call(UDFImpl.java:284):284
	at railo.runtime.ComponentImpl._call(ComponentImpl.java:607):607
	at railo.runtime.ComponentImpl._call(ComponentImpl.java:490):490
	at railo.runtime.ComponentImpl.call(ComponentImpl.java:1781):1781
	at railo.runtime.util.VariableUtilImpl.callFunctionWithoutNamedValues(VariableUtilImpl.java:723):723
	at railo.runtime.PageContextImpl.getFunction(PageContextImpl.java:1506):1506
	at settings.settingsmanager_cfc$cf._2(/Library/MuraCMS/tomcat/webapps/ROOT/requirements/mura/settings/settingsManager.cfc:518):518
	at settings.settingsmanager_cfc$cf.udfCall(/Library/MuraCMS/tomcat/webapps/ROOT/requirements/mura/settings/settingsManager.cfc):-1
	at railo.runtime.type.UDFImpl.implementation(UDFImpl.java:103):103
	at railo.runtime.type.UDFImpl._call(UDFImpl.java:371):371
	at railo.runtime.type.UDFImpl.call(UDFImpl.java:284):284
	at railo.runtime.type.scope.UndefinedImpl.call(UndefinedImpl.java:774):774
	at railo.runtime.util.VariableUtilImpl.callFunctionWithoutNamedValues(VariableUtilImpl.java:723):723
	at railo.runtime.PageContextImpl.getFunction(PageContextImpl.java:1506):1506
	at settings.settingsmanager_cfc$cf._2(/Library/MuraCMS/tomcat/webapps/ROOT/requirements/mura/settings/settingsManager.cfc:488):488
	at settings.settingsmanager_cfc$cf.udfCall(/Library/MuraCMS/tomcat/webapps/ROOT/requirements/mura/settings/settingsManager.cfc):-1
	at railo.runtime.type.UDFImpl.implementation(UDFImpl.java:103):103
	at railo.runtime.type.UDFImpl._call(UDFImpl.java:371):371
	at railo.runtime.type.UDFImpl.call(UDFImpl.java:284):284
	at railo.runtime.type.scope.UndefinedImpl.call(UndefinedImpl.java:774):774
	at railo.runtime.util.VariableUtilImpl.callFunctionWithoutNamedValues(VariableUtilImpl.java:723):723
	at railo.runtime.PageContextImpl.getFunction(PageContextImpl.java:1506):1506
	at settings.settingsmanager_cfc$cf._1(/Library/MuraCMS/tomcat/webapps/ROOT/requirements/mura/settings/settingsManager.cfc:243):243
	at settings.settingsmanager_cfc$cf.udfCall(/Library/MuraCMS/tomcat/webapps/ROOT/requirements/mura/settings/settingsManager.cfc):-1
	at railo.runtime.type.UDFImpl.implementation(UDFImpl.java:103):103
	at railo.runtime.type.UDFImpl._call(UDFImpl.java:371):371
	at railo.runtime.type.UDFImpl.call(UDFImpl.java:284):284
	at railo.runtime.ComponentImpl._call(ComponentImpl.java:607):607
	at railo.runtime.ComponentImpl._call(ComponentImpl.java:490):490
	at railo.runtime.ComponentImpl.call(ComponentImpl.java:1781):1781
	at railo.runtime.util.VariableUtilImpl.callFunctionWithoutNamedValues(VariableUtilImpl.java:723):723
	at railo.runtime.PageContextImpl.getFunction(PageContextImpl.java:1506):1506
	at admin.core.controllers.csettings_cfc$cf._2(/Library/MuraCMS/tomcat/webapps/ROOT/admin/core/controllers/csettings.cfc:153):153
	at admin.core.controllers.csettings_cfc$cf.udfCall(/Library/MuraCMS/tomcat/webapps/ROOT/admin/core/controllers/csettings.cfc):-1
	at railo.runtime.type.UDFImpl.implementation(UDFImpl.java:103):103
	at railo.runtime.type.UDFImpl._call(UDFImpl.java:371):371
	at railo.runtime.type.UDFImpl.callWithNamedValues(UDFImpl.java:275):275
	at railo.runtime.ComponentImpl._call(ComponentImpl.java:608):608
	at railo.runtime.ComponentImpl._call(ComponentImpl.java:490):490
	at railo.runtime.ComponentImpl.callWithNamedValues(ComponentImpl.java:1796):1796
	at railo.runtime.tag.Invoke.doComponent(Invoke.java:209):209
	at railo.runtime.tag.Invoke.doEndTag(Invoke.java:182):182
	at admin.framework_cfc$cf._6(/Library/MuraCMS/tomcat/webapps/ROOT/admin/framework.cfc:1308):1308
	at admin.framework_cfc$cf.udfCall(/Library/MuraCMS/tomcat/webapps/ROOT/admin/framework.cfc):-1
	at railo.runtime.type.UDFImpl.implementation(UDFImpl.java:103):103
	at railo.runtime.type.UDFImpl._call(UDFImpl.java:371):371
	at railo.runtime.type.UDFImpl.call(UDFImpl.java:284):284
	at railo.runtime.type.scope.UndefinedImpl.call(UndefinedImpl.java:774):774
	at railo.runtime.util.VariableUtilImpl.callFunctionWithoutNamedValues(VariableUtilImpl.java:723):723
	at railo.runtime.PageContextImpl.getFunction(PageContextImpl.java:1506):1506
	at admin.framework_cfc$cf._2(/Library/MuraCMS/tomcat/webapps/ROOT/admin/framework.cfc:517):517
	at admin.framework_cfc$cf.udfCall(/Library/MuraCMS/tomcat/webapps/ROOT/admin/framework.cfc):-1
	at railo.runtime.type.UDFImpl.implementation(UDFImpl.java:103):103
	at railo.runtime.type.UDFImpl._call(UDFImpl.java:371):371
	at railo.runtime.type.UDFImpl.call(UDFImpl.java:284):284
	at railo.runtime.ComponentImpl._call(ComponentImpl.java:607):607
	at railo.runtime.ComponentImpl._call(ComponentImpl.java:490):490
	at railo.runtime.ComponentImpl.call(ComponentImpl.java:1781):1781
	at railo.runtime.listener.ModernAppListener.call(ModernAppListener.java:346):346
	at railo.runtime.listener.ModernAppListener._onRequest(ModernAppListener.java:181):181
	at railo.runtime.listener.MixedAppListener.onRequest(MixedAppListener.java:18):18
	at railo.runtime.PageContextImpl.execute(PageContextImpl.java:2255):2255
	at railo.runtime.PageContextImpl.execute(PageContextImpl.java:2222):2222
	at railo.runtime.engine.CFMLEngineImpl.serviceCFML(CFMLEngineImpl.java:310):310
	at railo.loader.servlet.CFMLServlet.service(CFMLServlet.java:29):29
	at javax.servlet.http.HttpServlet.service(HttpServlet.java:728):728
	at org.apache.catalina.core.ApplicationFilterChain.internalDoFilter(ApplicationFilterChain.java:305):305
	at org.apache.catalina.core.ApplicationFilterChain.doFilter(ApplicationFilterChain.java:210):210
	at org.apache.catalina.core.StandardWrapperValve.invoke(StandardWrapperValve.java:222):222
	at org.apache.catalina.core.StandardContextValve.invoke(StandardContextValve.java:123):123
	at org.apache.catalina.authenticator.AuthenticatorBase.invoke(AuthenticatorBase.java:472):472
	at org.apache.catalina.core.StandardHostValve.invoke(StandardHostValve.java:171):171
	at org.apache.catalina.valves.ErrorReportValve.invoke(ErrorReportValve.java:99):99
	at org.apache.catalina.core.StandardEngineValve.invoke(StandardEngineValve.java:118):118
	at org.apache.catalina.connector.CoyoteAdapter.service(CoyoteAdapter.java:407):407
	at org.apache.coyote.http11.AbstractHttp11Processor.process(AbstractHttp11Processor.java:1004):1004
	at org.apache.coyote.AbstractProtocol$AbstractConnectionHandler.process(AbstractProtocol.java:589):589
	at org.apache.tomcat.util.net.JIoEndpoint$SocketProcessor.run(JIoEndpoint.java:310):310
	at java.util.concurrent.ThreadPoolExecutor$Worker.runTask(ThreadPoolExecutor.java:895):895
	at java.util.concurrent.ThreadPoolExecutor$Worker.run(ThreadPoolExecutor.java:918):918
	at java.lang.Thread.run(Thread.java:695):695
"
